<?xml version="1.0" encoding="UTF-8"?>
<!-- Generated by org.testng.reporters.JUnitXMLReporter -->
<testsuite hostname="m2rten-laptop" name="Test2" tests="1" failures="1" timestamp="12 Jan 2018 12:19:59 GMT" time="7.923" errors="0">
  <testcase name="testEasy" time="4.602" classname="example.NewTest2">
    <failure type="java.lang.AssertionError" message="expected [true] but found [false]">
      <![CDATA[java.lang.AssertionError: expected [true] but found [false]
	at example.NewTest2.testEasy(NewTest2.java:27)
... Removed 28 stack frames]]>
    </failure>
  </testcase> <!-- testEasy -->
</testsuite> <!-- Test2 -->
