<?xml version="1.0" encoding="UTF-8"?>
<!-- Generated by org.testng.reporters.JUnitXMLReporter -->
<testsuite hostname="m2rten-laptop" name="Test" tests="1" failures="1" timestamp="13 Jan 2018 08:20:15 GMT" time="13.487" errors="0">
  <testcase name="testEasy" time="6.636" classname="example.NewTest">
    <failure type="java.lang.AssertionError" message="expected [true] but found [false]">
      <![CDATA[java.lang.AssertionError: expected [true] but found [false]
	at example.NewTest.testEasy(NewTest.java:27)
... Removed 31 stack frames]]>
    </failure>
  </testcase> <!-- testEasy -->
</testsuite> <!-- Test -->
