<?xml version="1.0" encoding="UTF-8"?>
<testsuite name="TestSuite" time="11.626" tests="2" errors="0" skipped="0" failures="2">
  <properties>
[...]
</properties>
  <testcase name="testEasy" classname="example.NewTest" time="6.654">
    <failure message="expected [true] but found [false]" type="java.lang.AssertionError">java.lang.AssertionError: expected [true] but found [false]
	at org.testng.Assert.fail(Assert.java:94)
	at org.testng.Assert.failNotEquals(Assert.java:496)
	at org.testng.Assert.assertTrue(Assert.java:42)
	at org.testng.Assert.assertTrue(Assert.java:52)
	at example.NewTest.testEasy(NewTest.java:27)
</failure>
    <system-err><![CDATA[Starting ChromeDriver 2.34.522940 (1a76f96f66e3ca7b8e57d503b4dd3bccfba87af1) on port 1113
Only local connections are allowed.
]]></system-err>
  </testcase>
  <testcase name="testEasy" classname="example.NewTest2" time="4.972">
    <failure message="expected [true] but found [false]" type="java.lang.AssertionError">java.lang.AssertionError: expected [true] but found [false]
	at org.testng.Assert.fail(Assert.java:94)
	at org.testng.Assert.failNotEquals(Assert.java:496)
	at org.testng.Assert.assertTrue(Assert.java:42)
	at org.testng.Assert.assertTrue(Assert.java:52)
	at example.NewTest2.testEasy(NewTest2.java:27)
</failure>
    <system-err><![CDATA[Starting ChromeDriver 2.34.522940 (1a76f96f66e3ca7b8e57d503b4dd3bccfba87af1) on port 36523
Only local connections are allowed.
]]></system-err>
  </testcase>
</testsuite>